<?xml version="1.0" encoding="UTF-8"?>
<!-- Generated by org.testng.reporters.JUnitXMLReporter -->
<testsuite ignored="0" hostname="Sasi.local" failures="0" tests="4" name="Default test" time="49.987" errors="0" timestamp="2023-07-18T16:38:38 CEST">
  <testcase classname="vatTest.VATGeneralFlow" name="CaclulateUsingPriceInclVAT" time="4.295"/>
  <testcase classname="vatTest.VATGeneralFlow" name="CaclulateUsingPricewihtoutVAT" time="4.588"/>
  <testcase classname="vatTest.VATGeneralFlow" name="CaclulateUsingVAT" time="8.85"/>
  <testcase classname="vatTest.VATGeneralFlow" name="LaunchDetails" time="3.778"/>
</testsuite> <!-- Default test -->
