<?xml version="1.0" encoding="UTF-8"?>
<!-- Generated by org.testng.reporters.JUnitXMLReporter -->
<testsuite ignored="2" hostname="Sasi.local" failures="0" tests="2" name="Default test" time="24.69" errors="0" timestamp="2023-06-22T18:23:01 CEST">
  <testcase classname="vatTest.VATGeneralFlow" name="CaclulateUsingVAT" time="8.133"/>
  <testcase classname="vatTest.VATGeneralFlow" name="LaunchDetails" time="3.294"/>
  <testcase classname="vatTest.VATGeneralFlow" name="CaclulateUsingPricewihtoutVAT" time="0.0">
    <ignored/>
  </testcase> <!-- CaclulateUsingPricewihtoutVAT -->
  <testcase classname="vatTest.VATGeneralFlow" name="CaclulateUsingPriceInclVAT" time="0.0">
    <ignored/>
  </testcase> <!-- CaclulateUsingPriceInclVAT -->
</testsuite> <!-- Default test -->
