<?xml version="1.0" encoding="UTF-8"?>
<!-- Generated by org.testng.reporters.JUnitXMLReporter -->
<testsuite ignored="0" hostname="Sasi.local" failures="0" tests="4" name="Test" time="44.28" errors="0" timestamp="2023-06-20T21:36:00 CEST">
  <testcase classname="vatTest.VATGeneralFlow" name="CaclulateUsingPriceInclVAT" time="3.23"/>
  <testcase classname="vatTest.VATGeneralFlow" name="CaclulateUsingPricewihtoutVAT" time="7.538"/>
  <testcase classname="vatTest.VATGeneralFlow" name="CaclulateUsingVAT" time="4.657"/>
  <testcase classname="vatTest.VATGeneralFlow" name="LaunchDetails" time="3.397"/>
</testsuite> <!-- Test -->
