<?xml version="1.0" encoding="UTF-8"?>
<testng-results ignored="2" total="4" passed="2" failed="0" skipped="0">
  <reporter-output>
  </reporter-output>
  <suite started-at="2023-06-22T18:22:36 CEST" name="Default suite" finished-at="2023-06-22T18:23:01 CEST" duration-ms="24690">
    <groups>
    </groups>
    <test started-at="2023-06-22T18:22:36 CEST" name="Default test" finished-at="2023-06-22T18:23:01 CEST" duration-ms="24690">
      <class name="vatTest.VATGeneralFlow">
        <test-method is-config="true" signature="LaunchApplication()[pri:0, instance:vatTest.VATGeneralFlow@2fb3536e]" started-at="2023-06-22T18:22:36 CEST" name="LaunchApplication" finished-at="2023-06-22T18:22:44 CEST" duration-ms="7520" status="PASS">
          <reporter-output>
          </reporter-output>
        </test-method> <!-- LaunchApplication -->
        <test-method signature="CaclulateUsingVAT()[pri:0, instance:vatTest.VATGeneralFlow@2fb3536e]" started-at="2023-06-22T18:22:44 CEST" name="CaclulateUsingVAT" finished-at="2023-06-22T18:22:52 CEST" duration-ms="8133" status="PASS">
          <reporter-output>
          </reporter-output>
        </test-method> <!-- CaclulateUsingVAT -->
        <test-method is-config="true" signature="closingApplication()[pri:0, instance:vatTest.VATGeneralFlow@2fb3536e]" started-at="2023-06-22T18:22:52 CEST" name="closingApplication" finished-at="2023-06-22T18:22:52 CEST" duration-ms="285" status="PASS">
          <reporter-output>
          </reporter-output>
        </test-method> <!-- closingApplication -->
        <test-method is-config="true" signature="LaunchApplication()[pri:0, instance:vatTest.VATGeneralFlow@2fb3536e]" started-at="2023-06-22T18:22:52 CEST" name="LaunchApplication" finished-at="2023-06-22T18:22:57 CEST" duration-ms="5159" status="PASS">
          <reporter-output>
          </reporter-output>
        </test-method> <!-- LaunchApplication -->
        <test-method signature="LaunchDetails()[pri:0, instance:vatTest.VATGeneralFlow@2fb3536e]" started-at="2023-06-22T18:22:57 CEST" name="LaunchDetails" finished-at="2023-06-22T18:23:01 CEST" duration-ms="3294" status="PASS">
          <reporter-output>
          </reporter-output>
        </test-method> <!-- LaunchDetails -->
        <test-method is-config="true" signature="closingApplication()[pri:0, instance:vatTest.VATGeneralFlow@2fb3536e]" started-at="2023-06-22T18:23:01 CEST" name="closingApplication" finished-at="2023-06-22T18:23:01 CEST" duration-ms="239" status="PASS">
          <reporter-output>
          </reporter-output>
        </test-method> <!-- closingApplication -->
      </class> <!-- vatTest.VATGeneralFlow -->
    </test> <!-- Default test -->
  </suite> <!-- Default suite -->
</testng-results>
